<?xml version="1.0" encoding="UTF-8"?>
<!-- Generated by org.testng.reporters.JUnitReportReporter -->
<testsuite hostname="DESKTOP-KBJ6LQI" failures="0" tests="2" name="testNGExecution.LaunchInstagram" time="18.083" errors="0" timestamp="2025-03-05T11:58:15 IST" skipped="0">
  <testcase classname="testNGExecution.LaunchInstagram" name="launchInstagramTC" time="8.648"/>
  <system-out/>
  <testcase classname="testNGExecution.LaunchInstagram" name="launchInstagramTC" time="9.435"/>
  <system-out/>
</testsuite> <!-- testNGExecution.LaunchInstagram -->
