<?xml version="1.0" encoding="UTF-8"?>
<!-- Generated by org.testng.reporters.JUnitReportReporter -->
<testsuite hostname="DESKTOP-KBJ6LQI" failures="0" tests="2" name="testNGAnnotations.ToUnderstandAnnotations" time="0.040" errors="0" timestamp="2025-03-07T11:34:10 IST" skipped="0">
  <testcase classname="testNGAnnotations.ToUnderstandAnnotations" name="test1" time="0.028"/>
  <system-out>
    <![CDATA[This is  Test1 ]]>
  </system-out>
  <testcase classname="testNGAnnotations.ToUnderstandAnnotations" name="test2" time="0.012"/>
  <system-out>
    <![CDATA[This is  Test2 ]]>
  </system-out>
</testsuite> <!-- testNGAnnotations.ToUnderstandAnnotations -->
