<?xml version="1.0" encoding="UTF-8"?>
<!-- Generated by org.testng.reporters.JUnitReportReporter -->
<testsuite hostname="DESKTOP-KBJ6LQI" failures="0" tests="2" name="testNGPackage1.Demo" time="0.033" errors="0" timestamp="2025-03-03T11:58:42 IST" skipped="0">
  <testcase classname="testNGPackage1.Demo" name="method2" time="0.029"/>
  <system-out>
    <![CDATA[Method2 called]]>
  </system-out>
  <testcase classname="testNGPackage1.Demo" name="method1" time="0.004"/>
  <system-out>
    <![CDATA[Method1 called]]>
  </system-out>
</testsuite> <!-- testNGPackage1.Demo -->
