<?xml version="1.0" encoding="UTF-8"?>
<!-- Generated by org.testng.reporters.JUnitReportReporter -->
<testsuite hostname="DESKTOP-KBJ6LQI" failures="0" tests="2" name="testNGPackage1.ToUnderstandEnable" time="7.147" errors="0" timestamp="2025-03-05T11:53:20 IST" skipped="1">
  <testcase classname="testNGPackage1.ToUnderstandEnable" name="launchSelenium" time="7.147"/>
  <system-out/>
  <testcase classname="testNGPackage1.ToUnderstandEnable" name="launchJavaTpoint">
    <skipped/>
  </testcase> <!-- launchJavaTpoint -->
  <system-out/>
</testsuite> <!-- testNGPackage1.ToUnderstandEnable -->
