<?xml version="1.0" encoding="UTF-8"?>
<!-- Generated by org.testng.reporters.JUnitReportReporter -->
<testsuite hostname="DESKTOP-KBJ6LQI" failures="0" tests="1" name="testNGExecution.ParameterizedMethod" time="12.103" errors="0" timestamp="2025-03-10T19:50:45 IST" skipped="0">
  <testcase classname="testNGExecution.ParameterizedMethod" name="parameterMethod" time="12.103"/>
  <system-out/>
</testsuite> <!-- testNGExecution.ParameterizedMethod -->
