<?xml version="1.0" encoding="UTF-8"?>
<!-- Generated by org.testng.reporters.JUnitReportReporter -->
<testsuite hostname="DESKTOP-KBJ6LQI" failures="0" tests="2" name="testNGExecution.LaunchTwitter" time="22.740" errors="0" timestamp="2025-03-05T11:58:15 IST" skipped="0">
  <testcase classname="testNGExecution.LaunchTwitter" name="launchTwitterTC" time="10.488"/>
  <system-out/>
  <testcase classname="testNGExecution.LaunchTwitter" name="launchTwitterTC" time="12.252"/>
  <system-out/>
</testsuite> <!-- testNGExecution.LaunchTwitter -->
