<?xml version="1.0" encoding="UTF-8"?>
<!-- Generated by org.testng.reporters.JUnitReportReporter -->
<testsuite hostname="DESKTOP-KBJ6LQI" failures="0" tests="3" name="testNGPackage1.ToUnderstandInvocationCount" time="21.087" errors="0" timestamp="2025-03-05T11:53:20 IST" skipped="0">
  <testcase classname="testNGPackage1.ToUnderstandInvocationCount" name="launchSelenium" time="5.500"/>
  <system-out/>
  <testcase classname="testNGPackage1.ToUnderstandInvocationCount" name="launchSelenium" time="6.244"/>
  <system-out/>
  <testcase classname="testNGPackage1.ToUnderstandInvocationCount" name="launchJavaTpoint" time="9.343"/>
  <system-out/>
</testsuite> <!-- testNGPackage1.ToUnderstandInvocationCount -->
