<?xml version="1.0" encoding="UTF-8"?>
<!-- Generated by org.testng.reporters.JUnitReportReporter -->
<testsuite hostname="DESKTOP-KBJ6LQI" failures="0" tests="1" name="testNGExecution2.YamahaMotors" time="13.053" errors="0" timestamp="2025-03-05T12:30:28 IST" skipped="0">
  <testcase classname="testNGExecution2.YamahaMotors" name="launchYamahaMotors" time="13.053"/>
  <system-out/>
</testsuite> <!-- testNGExecution2.YamahaMotors -->
