<?xml version="1.0" encoding="UTF-8"?>
<!-- Generated by org.testng.reporters.JUnitReportReporter -->
<testsuite hostname="DESKTOP-KBJ6LQI" failures="0" tests="2" name="testNGExecution.CrossBrowserExecution" time="23.967" errors="0" timestamp="2025-03-11T07:33:54 IST" skipped="0">
  <testcase classname="testNGExecution.CrossBrowserExecution" name="crossBrowser" time="9.046"/>
  <system-out/>
  <testcase classname="testNGExecution.CrossBrowserExecution" name="crossBrowser" time="14.921"/>
  <system-out/>
</testsuite> <!-- testNGExecution.CrossBrowserExecution -->
