<?xml version="1.0" encoding="UTF-8"?>
<!-- Generated by org.testng.reporters.JUnitReportReporter -->
<testsuite hostname="DESKTOP-KBJ6LQI" failures="0" tests="3" name="testNGPackage1.ToUnderstandPriorityAttribute" time="0.022" errors="0" timestamp="2025-03-05T11:53:20 IST" skipped="0">
  <testcase classname="testNGPackage1.ToUnderstandPriorityAttribute" name="method2" time="0.005"/>
  <system-out>
    <![CDATA[Method2 called]]>
  </system-out>
  <testcase classname="testNGPackage1.ToUnderstandPriorityAttribute" name="method2" time="0.015"/>
  <system-out>
    <![CDATA[Method2 called]]>
  </system-out>
  <testcase classname="testNGPackage1.ToUnderstandPriorityAttribute" name="method1" time="0.002"/>
  <system-out>
    <![CDATA[Method1 called]]>
  </system-out>
</testsuite> <!-- testNGPackage1.ToUnderstandPriorityAttribute -->
