<?xml version="1.0" encoding="UTF-8"?>
<!-- Generated by org.testng.reporters.JUnitReportReporter -->
<testsuite hostname="DESKTOP-KBJ6LQI" failures="0" tests="1" name="testPackage.TC_RemoveProductFromCart_002_Test" time="24.415" errors="0" timestamp="2025-03-20T11:42:26 IST" skipped="0">
  <testcase classname="testPackage.TC_RemoveProductFromCart_002_Test" name="removeProductFromCart" time="24.415"/>
  <system-out>
    <![CDATA[Product is removed from cart]]>
  </system-out>
</testsuite> <!-- testPackage.TC_RemoveProductFromCart_002_Test -->
