<?xml version="1.0" encoding="UTF-8"?>
<!-- Generated by org.testng.reporters.JUnitReportReporter -->
<testsuite hostname="DESKTOP-KBJ6LQI" failures="0" tests="1" name="testPackage.AddToCart" time="8.689" errors="0" timestamp="2025-03-18T11:11:46 IST" skipped="0">
  <testcase classname="testPackage.AddToCart" name="addToCartMethod" time="8.689"/>
  <system-out/>
</testsuite> <!-- testPackage.AddToCart -->
