<?xml version="1.0" encoding="UTF-8"?>
<!-- Generated by org.testng.reporters.JUnitReportReporter -->
<testsuite hostname="DESKTOP-KBJ6LQI" failures="0" tests="1" name="testPackage.TC_AddToCart_001_Test" time="8.264" errors="0" timestamp="2025-03-20T12:14:32 IST" skipped="0">
  <testcase classname="testPackage.TC_AddToCart_001_Test" name="addToCartMethod" time="8.264"/>
  <system-out/>
</testsuite> <!-- testPackage.TC_AddToCart_001_Test -->
