<?xml version="1.0" encoding="UTF-8"?>
<!-- Generated by org.testng.reporters.JUnitReportReporter -->
<testsuite hostname="DESKTOP-KBJ6LQI" failures="0" tests="1" name="testPackage.TC_BuyProduct_003_Test" time="16.080" errors="0" timestamp="2025-03-20T11:35:26 IST" skipped="0">
  <testcase classname="testPackage.TC_BuyProduct_003_Test" name="buyProductMethod" time="16.080"/>
  <system-out/>
</testsuite> <!-- testPackage.TC_BuyProduct_003_Test -->
